objc[15981]: Class AXEmojiUtilities is implemented in both /Applications/Xcode.app/Contents/Developer/Platforms/iPhoneSimulator.platform/Developer/SDKs/iPhoneSimulator7.0.sdk/System/Library/PrivateFrameworks/AccessibilityUtilities.framework/AccessibilityUtilities and /Applications/Xcode.app/Contents/Developer/Platforms/iPhoneSimulator.platform/Developer/SDKs/iPhoneSimulator7.0.sdk/usr/lib/libAXSpeechManager.dylib. One of the two will be used. Which one is undefined.
2014-03-02 18:00:03.856 SeedProject[15981:80b] Cannot find executable for CFBundle 0xa99b030 </Applications/Xcode.app/Contents/Developer/Platforms/iPhoneSimulator.platform/Developer/SDKs/iPhoneSimulator7.0.sdk/System/Library/AccessibilityBundles/CertUIFramework.axbundle> (not loaded)
2014-03-02 18:00:03.887 SeedProject[15981:80b] Cannot find executable for CFBundle 0xa9a0760 </Applications/Xcode.app/Contents/Developer/Platforms/iPhoneSimulator.platform/Developer/SDKs/iPhoneSimulator7.0.sdk/System/Library/AccessibilityBundles/GeoServices.axbundle> (not loaded)
2014-03-02 18:00:03.924 SeedProject[15981:80b] Multi-tasking -> Device: YES, App: YES
2014-03-02 18:00:03.963 SeedProject[15981:80b] Unlimited access to network resources
2014-03-02 18:00:04.351 SeedProject[15981:80b] Resetting plugins due to page load.
2014-03-02 18:00:04.506 SeedProject[15981:80b] Finished load of: file:///Users/nat/Library/Application%20Support/iPhone%20Simulator/7.0.3/Applications/A92D21C1-5CB8-4FAB-9596-C00134FE5392/SeedProject.app/www/index.html
objc[16978]: Class AXEmojiUtilities is implemented in both /Applications/Xcode.app/Contents/Developer/Platforms/iPhoneSimulator.platform/Developer/SDKs/iPhoneSimulator7.0.sdk/System/Library/PrivateFrameworks/AccessibilityUtilities.framework/AccessibilityUtilities and /Applications/Xcode.app/Contents/Developer/Platforms/iPhoneSimulator.platform/Developer/SDKs/iPhoneSimulator7.0.sdk/usr/lib/libAXSpeechManager.dylib. One of the two will be used. Which one is undefined.
2014-03-02 19:23:17.493 SeedProject[16978:80b] Cannot find executable for CFBundle 0xaa27ec0 </Applications/Xcode.app/Contents/Developer/Platforms/iPhoneSimulator.platform/Developer/SDKs/iPhoneSimulator7.0.sdk/System/Library/AccessibilityBundles/GeoServices.axbundle> (not loaded)
2014-03-02 19:23:17.516 SeedProject[16978:80b] Cannot find executable for CFBundle 0xdf2c380 </Applications/Xcode.app/Contents/Developer/Platforms/iPhoneSimulator.platform/Developer/SDKs/iPhoneSimulator7.0.sdk/System/Library/AccessibilityBundles/CertUIFramework.axbundle> (not loaded)
2014-03-02 19:23:17.579 SeedProject[16978:80b] Multi-tasking -> Device: YES, App: YES
2014-03-02 19:23:17.586 SeedProject[16978:80b] Unlimited access to network resources
2014-03-02 19:23:17.758 SeedProject[16978:80b] Resetting plugins due to page load.
2014-03-02 19:23:17.841 SeedProject[16978:80b] Finished load of: file:///Users/nat/Library/Application%20Support/iPhone%20Simulator/7.0.3/Applications/A92D21C1-5CB8-4FAB-9596-C00134FE5392/SeedProject.app/www/index.html
objc[19168]: Class AXEmojiUtilities is implemented in both /Applications/Xcode.app/Contents/Developer/Platforms/iPhoneSimulator.platform/Developer/SDKs/iPhoneSimulator7.0.sdk/System/Library/PrivateFrameworks/AccessibilityUtilities.framework/AccessibilityUtilities and /Applications/Xcode.app/Contents/Developer/Platforms/iPhoneSimulator.platform/Developer/SDKs/iPhoneSimulator7.0.sdk/usr/lib/libAXSpeechManager.dylib. One of the two will be used. Which one is undefined.
2014-03-02 19:37:25.204 SeedProject[19168:80b] Cannot find executable for CFBundle 0xa75f2f0 </Applications/Xcode.app/Contents/Developer/Platforms/iPhoneSimulator.platform/Developer/SDKs/iPhoneSimulator7.0.sdk/System/Library/AccessibilityBundles/GeoServices.axbundle> (not loaded)
2014-03-02 19:37:25.215 SeedProject[19168:80b] Cannot find executable for CFBundle 0xe78a120 </Applications/Xcode.app/Contents/Developer/Platforms/iPhoneSimulator.platform/Developer/SDKs/iPhoneSimulator7.0.sdk/System/Library/AccessibilityBundles/CertUIFramework.axbundle> (not loaded)
2014-03-02 19:37:25.282 SeedProject[19168:80b] Multi-tasking -> Device: YES, App: YES
2014-03-02 19:37:25.318 SeedProject[19168:80b] Unlimited access to network resources
2014-03-02 19:37:25.856 SeedProject[19168:80b] Resetting plugins due to page load.
2014-03-02 19:37:26.328 SeedProject[19168:80b] Finished load of: file:///Users/nat/Library/Application%20Support/iPhone%20Simulator/7.0.3/Applications/A92D21C1-5CB8-4FAB-9596-C00134FE5392/SeedProject.app/www/index.html#/tab/pets
objc[20672]: Class AXEmojiUtilities is implemented in both /Applications/Xcode.app/Contents/Developer/Platforms/iPhoneSimulator.platform/Developer/SDKs/iPhoneSimulator7.0.sdk/System/Library/PrivateFrameworks/AccessibilityUtilities.framework/AccessibilityUtilities and /Applications/Xcode.app/Contents/Developer/Platforms/iPhoneSimulator.platform/Developer/SDKs/iPhoneSimulator7.0.sdk/usr/lib/libAXSpeechManager.dylib. One of the two will be used. Which one is undefined.
2014-03-02 19:52:36.055 SeedProject[20672:80b] Cannot find executable for CFBundle 0xa564d30 </Applications/Xcode.app/Contents/Developer/Platforms/iPhoneSimulator.platform/Developer/SDKs/iPhoneSimulator7.0.sdk/System/Library/AccessibilityBundles/CertUIFramework.axbundle> (not loaded)
2014-03-02 19:52:36.080 SeedProject[20672:80b] Cannot find executable for CFBundle 0xa443540 </Applications/Xcode.app/Contents/Developer/Platforms/iPhoneSimulator.platform/Developer/SDKs/iPhoneSimulator7.0.sdk/System/Library/AccessibilityBundles/GeoServices.axbundle> (not loaded)
2014-03-02 19:52:36.140 SeedProject[20672:80b] Multi-tasking -> Device: YES, App: YES
2014-03-02 19:52:36.147 SeedProject[20672:80b] Unlimited access to network resources
2014-03-02 19:52:36.373 SeedProject[20672:80b] Resetting plugins due to page load.
2014-03-02 19:52:36.613 SeedProject[20672:80b] Finished load of: file:///Users/nat/Library/Application%20Support/iPhone%20Simulator/7.0.3/Applications/A92D21C1-5CB8-4FAB-9596-C00134FE5392/SeedProject.app/www/index.html#/tab/pets
objc[21311]: Class AXEmojiUtilities is implemented in both /Applications/Xcode.app/Contents/Developer/Platforms/iPhoneSimulator.platform/Developer/SDKs/iPhoneSimulator7.0.sdk/System/Library/PrivateFrameworks/AccessibilityUtilities.framework/AccessibilityUtilities and /Applications/Xcode.app/Contents/Developer/Platforms/iPhoneSimulator.platform/Developer/SDKs/iPhoneSimulator7.0.sdk/usr/lib/libAXSpeechManager.dylib. One of the two will be used. Which one is undefined.
2014-03-02 19:53:35.371 SeedProject[21311:80b] Cannot find executable for CFBundle 0xa817ca0 </Applications/Xcode.app/Contents/Developer/Platforms/iPhoneSimulator.platform/Developer/SDKs/iPhoneSimulator7.0.sdk/System/Library/AccessibilityBundles/CertUIFramework.axbundle> (not loaded)
2014-03-02 19:53:35.395 SeedProject[21311:80b] Cannot find executable for CFBundle 0xa849150 </Applications/Xcode.app/Contents/Developer/Platforms/iPhoneSimulator.platform/Developer/SDKs/iPhoneSimulator7.0.sdk/System/Library/AccessibilityBundles/GeoServices.axbundle> (not loaded)
2014-03-02 19:53:35.438 SeedProject[21311:80b] Multi-tasking -> Device: YES, App: YES
2014-03-02 19:53:35.446 SeedProject[21311:80b] Unlimited access to network resources
2014-03-02 19:53:35.667 SeedProject[21311:80b] Resetting plugins due to page load.
2014-03-02 19:53:35.895 SeedProject[21311:80b] Finished load of: file:///Users/nat/Library/Application%20Support/iPhone%20Simulator/7.0.3/Applications/A92D21C1-5CB8-4FAB-9596-C00134FE5392/SeedProject.app/www/index.html#/tab/pets
objc[21981]: Class AXEmojiUtilities is implemented in both /Applications/Xcode.app/Contents/Developer/Platforms/iPhoneSimulator.platform/Developer/SDKs/iPhoneSimulator7.0.sdk/System/Library/PrivateFrameworks/AccessibilityUtilities.framework/AccessibilityUtilities and /Applications/Xcode.app/Contents/Developer/Platforms/iPhoneSimulator.platform/Developer/SDKs/iPhoneSimulator7.0.sdk/usr/lib/libAXSpeechManager.dylib. One of the two will be used. Which one is undefined.
2014-03-02 19:57:55.204 SeedProject[21981:80b] Cannot find executable for CFBundle 0xa638750 </Applications/Xcode.app/Contents/Developer/Platforms/iPhoneSimulator.platform/Developer/SDKs/iPhoneSimulator7.0.sdk/System/Library/AccessibilityBundles/GeoServices.axbundle> (not loaded)
2014-03-02 19:57:55.223 SeedProject[21981:80b] Cannot find executable for CFBundle 0xa5632c0 </Applications/Xcode.app/Contents/Developer/Platforms/iPhoneSimulator.platform/Developer/SDKs/iPhoneSimulator7.0.sdk/System/Library/AccessibilityBundles/CertUIFramework.axbundle> (not loaded)
2014-03-02 19:57:55.290 SeedProject[21981:80b] Multi-tasking -> Device: YES, App: YES
2014-03-02 19:57:55.298 SeedProject[21981:80b] Unlimited access to network resources
2014-03-02 19:57:55.504 SeedProject[21981:80b] Resetting plugins due to page load.
2014-03-02 19:57:55.744 SeedProject[21981:80b] Finished load of: file:///Users/nat/Library/Application%20Support/iPhone%20Simulator/7.0.3/Applications/A92D21C1-5CB8-4FAB-9596-C00134FE5392/SeedProject.app/www/index.html#/tab/pets
objc[22503]: Class AXEmojiUtilities is implemented in both /Applications/Xcode.app/Contents/Developer/Platforms/iPhoneSimulator.platform/Developer/SDKs/iPhoneSimulator7.0.sdk/System/Library/PrivateFrameworks/AccessibilityUtilities.framework/AccessibilityUtilities and /Applications/Xcode.app/Contents/Developer/Platforms/iPhoneSimulator.platform/Developer/SDKs/iPhoneSimulator7.0.sdk/usr/lib/libAXSpeechManager.dylib. One of the two will be used. Which one is undefined.
2014-03-02 20:12:06.491 SeedProject[22503:80b] Cannot find executable for CFBundle 0xaa42160 </Applications/Xcode.app/Contents/Developer/Platforms/iPhoneSimulator.platform/Developer/SDKs/iPhoneSimulator7.0.sdk/System/Library/AccessibilityBundles/GeoServices.axbundle> (not loaded)
2014-03-02 20:12:06.508 SeedProject[22503:80b] Cannot find executable for CFBundle 0xa9386f0 </Applications/Xcode.app/Contents/Developer/Platforms/iPhoneSimulator.platform/Developer/SDKs/iPhoneSimulator7.0.sdk/System/Library/AccessibilityBundles/CertUIFramework.axbundle> (not loaded)
2014-03-02 20:12:06.563 SeedProject[22503:80b] Multi-tasking -> Device: YES, App: YES
2014-03-02 20:12:06.570 SeedProject[22503:80b] Unlimited access to network resources
2014-03-02 20:12:06.829 SeedProject[22503:80b] Resetting plugins due to page load.
2014-03-02 20:12:07.068 SeedProject[22503:80b] Finished load of: file:///Users/nat/Library/Application%20Support/iPhone%20Simulator/7.0.3/Applications/A92D21C1-5CB8-4FAB-9596-C00134FE5392/SeedProject.app/www/index.html#/tab/pets
objc[23457]: Class AXEmojiUtilities is implemented in both /Applications/Xcode.app/Contents/Developer/Platforms/iPhoneSimulator.platform/Developer/SDKs/iPhoneSimulator7.0.sdk/System/Library/PrivateFrameworks/AccessibilityUtilities.framework/AccessibilityUtilities and /Applications/Xcode.app/Contents/Developer/Platforms/iPhoneSimulator.platform/Developer/SDKs/iPhoneSimulator7.0.sdk/usr/lib/libAXSpeechManager.dylib. One of the two will be used. Which one is undefined.
2014-03-02 20:13:53.622 SeedProject[23457:80b] Cannot find executable for CFBundle 0xa8a91a0 </Applications/Xcode.app/Contents/Developer/Platforms/iPhoneSimulator.platform/Developer/SDKs/iPhoneSimulator7.0.sdk/System/Library/AccessibilityBundles/GeoServices.axbundle> (not loaded)
2014-03-02 20:13:53.647 SeedProject[23457:80b] Cannot find executable for CFBundle 0xa97a350 </Applications/Xcode.app/Contents/Developer/Platforms/iPhoneSimulator.platform/Developer/SDKs/iPhoneSimulator7.0.sdk/System/Library/AccessibilityBundles/CertUIFramework.axbundle> (not loaded)
2014-03-02 20:13:53.716 SeedProject[23457:80b] Multi-tasking -> Device: YES, App: YES
2014-03-02 20:13:53.725 SeedProject[23457:80b] Unlimited access to network resources
2014-03-02 20:13:54.008 SeedProject[23457:80b] Resetting plugins due to page load.
2014-03-02 20:13:54.246 SeedProject[23457:80b] Finished load of: file:///Users/nat/Library/Application%20Support/iPhone%20Simulator/7.0.3/Applications/A92D21C1-5CB8-4FAB-9596-C00134FE5392/SeedProject.app/www/index.html#/tab/pets
objc[26533]: Class AXEmojiUtilities is implemented in both /Applications/Xcode.app/Contents/Developer/Platforms/iPhoneSimulator.platform/Developer/SDKs/iPhoneSimulator7.0.sdk/System/Library/PrivateFrameworks/AccessibilityUtilities.framework/AccessibilityUtilities and /Applications/Xcode.app/Contents/Developer/Platforms/iPhoneSimulator.platform/Developer/SDKs/iPhoneSimulator7.0.sdk/usr/lib/libAXSpeechManager.dylib. One of the two will be used. Which one is undefined.
2014-03-02 21:25:39.774 SeedProject[26533:80b] Cannot find executable for CFBundle 0xaa380d0 </Applications/Xcode.app/Contents/Developer/Platforms/iPhoneSimulator.platform/Developer/SDKs/iPhoneSimulator7.0.sdk/System/Library/AccessibilityBundles/GeoServices.axbundle> (not loaded)
2014-03-02 21:25:39.794 SeedProject[26533:80b] Cannot find executable for CFBundle 0xa548160 </Applications/Xcode.app/Contents/Developer/Platforms/iPhoneSimulator.platform/Developer/SDKs/iPhoneSimulator7.0.sdk/System/Library/AccessibilityBundles/CertUIFramework.axbundle> (not loaded)
2014-03-02 21:25:39.859 SeedProject[26533:80b] Multi-tasking -> Device: YES, App: YES
2014-03-02 21:25:39.868 SeedProject[26533:80b] Unlimited access to network resources
2014-03-02 21:25:40.059 SeedProject[26533:80b] Resetting plugins due to page load.
2014-03-02 21:25:40.318 SeedProject[26533:80b] Finished load of: file:///Users/nat/Library/Application%20Support/iPhone%20Simulator/7.0.3/Applications/A92D21C1-5CB8-4FAB-9596-C00134FE5392/SeedProject.app/www/index.html#/tab/pets
objc[27044]: Class AXEmojiUtilities is implemented in both /Applications/Xcode.app/Contents/Developer/Platforms/iPhoneSimulator.platform/Developer/SDKs/iPhoneSimulator7.0.sdk/System/Library/PrivateFrameworks/AccessibilityUtilities.framework/AccessibilityUtilities and /Applications/Xcode.app/Contents/Developer/Platforms/iPhoneSimulator.platform/Developer/SDKs/iPhoneSimulator7.0.sdk/usr/lib/libAXSpeechManager.dylib. One of the two will be used. Which one is undefined.
2014-03-02 21:30:47.236 SeedProject[27044:80b] Cannot find executable for CFBundle 0xa650280 </Applications/Xcode.app/Contents/Developer/Platforms/iPhoneSimulator.platform/Developer/SDKs/iPhoneSimulator7.0.sdk/System/Library/AccessibilityBundles/GeoServices.axbundle> (not loaded)
2014-03-02 21:30:47.254 SeedProject[27044:80b] Cannot find executable for CFBundle 0xa928c10 </Applications/Xcode.app/Contents/Developer/Platforms/iPhoneSimulator.platform/Developer/SDKs/iPhoneSimulator7.0.sdk/System/Library/AccessibilityBundles/CertUIFramework.axbundle> (not loaded)
2014-03-02 21:30:47.319 SeedProject[27044:80b] Multi-tasking -> Device: YES, App: YES
2014-03-02 21:30:47.326 SeedProject[27044:80b] Unlimited access to network resources
2014-03-02 21:30:47.426 SeedProject[27044:80b] Resetting plugins due to page load.
2014-03-02 21:30:47.692 SeedProject[27044:80b] Finished load of: file:///Users/nat/Library/Application%20Support/iPhone%20Simulator/7.0.3/Applications/A92D21C1-5CB8-4FAB-9596-C00134FE5392/SeedProject.app/www/index.html#/tab/pets
objc[27426]: Class AXEmojiUtilities is implemented in both /Applications/Xcode.app/Contents/Developer/Platforms/iPhoneSimulator.platform/Developer/SDKs/iPhoneSimulator7.0.sdk/System/Library/PrivateFrameworks/AccessibilityUtilities.framework/AccessibilityUtilities and /Applications/Xcode.app/Contents/Developer/Platforms/iPhoneSimulator.platform/Developer/SDKs/iPhoneSimulator7.0.sdk/usr/lib/libAXSpeechManager.dylib. One of the two will be used. Which one is undefined.
2014-03-02 21:40:01.225 SeedProject[27426:80b] Cannot find executable for CFBundle 0xa748c40 </Applications/Xcode.app/Contents/Developer/Platforms/iPhoneSimulator.platform/Developer/SDKs/iPhoneSimulator7.0.sdk/System/Library/AccessibilityBundles/CertUIFramework.axbundle> (not loaded)
2014-03-02 21:40:01.254 SeedProject[27426:80b] Cannot find executable for CFBundle 0xa770740 </Applications/Xcode.app/Contents/Developer/Platforms/iPhoneSimulator.platform/Developer/SDKs/iPhoneSimulator7.0.sdk/System/Library/AccessibilityBundles/GeoServices.axbundle> (not loaded)
2014-03-02 21:40:01.293 SeedProject[27426:80b] Multi-tasking -> Device: YES, App: YES
2014-03-02 21:40:01.303 SeedProject[27426:80b] Unlimited access to network resources
2014-03-02 21:40:01.510 SeedProject[27426:80b] Resetting plugins due to page load.
2014-03-02 21:40:01.753 SeedProject[27426:80b] Finished load of: file:///Users/nat/Library/Application%20Support/iPhone%20Simulator/7.0.3/Applications/A92D21C1-5CB8-4FAB-9596-C00134FE5392/SeedProject.app/www/index.html#/tab/pets
objc[27785]: Class AXEmojiUtilities is implemented in both /Applications/Xcode.app/Contents/Developer/Platforms/iPhoneSimulator.platform/Developer/SDKs/iPhoneSimulator7.0.sdk/System/Library/PrivateFrameworks/AccessibilityUtilities.framework/AccessibilityUtilities and /Applications/Xcode.app/Contents/Developer/Platforms/iPhoneSimulator.platform/Developer/SDKs/iPhoneSimulator7.0.sdk/usr/lib/libAXSpeechManager.dylib. One of the two will be used. Which one is undefined.
2014-03-02 21:42:02.030 SeedProject[27785:80b] Cannot find executable for CFBundle 0xa860090 </Applications/Xcode.app/Contents/Developer/Platforms/iPhoneSimulator.platform/Developer/SDKs/iPhoneSimulator7.0.sdk/System/Library/AccessibilityBundles/GeoServices.axbundle> (not loaded)
2014-03-02 21:42:02.054 SeedProject[27785:80b] Cannot find executable for CFBundle 0xa7543a0 </Applications/Xcode.app/Contents/Developer/Platforms/iPhoneSimulator.platform/Developer/SDKs/iPhoneSimulator7.0.sdk/System/Library/AccessibilityBundles/CertUIFramework.axbundle> (not loaded)
2014-03-02 21:42:02.112 SeedProject[27785:80b] Multi-tasking -> Device: YES, App: YES
2014-03-02 21:42:02.119 SeedProject[27785:80b] Unlimited access to network resources
2014-03-02 21:42:02.310 SeedProject[27785:80b] Resetting plugins due to page load.
2014-03-02 21:42:02.556 SeedProject[27785:80b] Finished load of: file:///Users/nat/Library/Application%20Support/iPhone%20Simulator/7.0.3/Applications/A92D21C1-5CB8-4FAB-9596-C00134FE5392/SeedProject.app/www/index.html#/tab/pets
objc[28133]: Class AXEmojiUtilities is implemented in both /Applications/Xcode.app/Contents/Developer/Platforms/iPhoneSimulator.platform/Developer/SDKs/iPhoneSimulator7.0.sdk/System/Library/PrivateFrameworks/AccessibilityUtilities.framework/AccessibilityUtilities and /Applications/Xcode.app/Contents/Developer/Platforms/iPhoneSimulator.platform/Developer/SDKs/iPhoneSimulator7.0.sdk/usr/lib/libAXSpeechManager.dylib. One of the two will be used. Which one is undefined.
2014-03-02 21:42:52.959 SeedProject[28133:80b] Cannot find executable for CFBundle 0xa7959b0 </Applications/Xcode.app/Contents/Developer/Platforms/iPhoneSimulator.platform/Developer/SDKs/iPhoneSimulator7.0.sdk/System/Library/AccessibilityBundles/GeoServices.axbundle> (not loaded)
2014-03-02 21:42:52.976 SeedProject[28133:80b] Cannot find executable for CFBundle 0xa583990 </Applications/Xcode.app/Contents/Developer/Platforms/iPhoneSimulator.platform/Developer/SDKs/iPhoneSimulator7.0.sdk/System/Library/AccessibilityBundles/CertUIFramework.axbundle> (not loaded)
2014-03-02 21:42:53.051 SeedProject[28133:80b] Multi-tasking -> Device: YES, App: YES
2014-03-02 21:42:53.058 SeedProject[28133:80b] Unlimited access to network resources
2014-03-02 21:42:53.257 SeedProject[28133:80b] Resetting plugins due to page load.
2014-03-02 21:42:53.447 SeedProject[28133:80b] Finished load of: file:///Users/nat/Library/Application%20Support/iPhone%20Simulator/7.0.3/Applications/A92D21C1-5CB8-4FAB-9596-C00134FE5392/SeedProject.app/www/index.html#/tab/pets
objc[31524]: Class AXEmojiUtilities is implemented in both /Applications/Xcode.app/Contents/Developer/Platforms/iPhoneSimulator.platform/Developer/SDKs/iPhoneSimulator7.0.sdk/System/Library/PrivateFrameworks/AccessibilityUtilities.framework/AccessibilityUtilities and /Applications/Xcode.app/Contents/Developer/Platforms/iPhoneSimulator.platform/Developer/SDKs/iPhoneSimulator7.0.sdk/usr/lib/libAXSpeechManager.dylib. One of the two will be used. Which one is undefined.
2014-03-04 18:55:35.234 SeedProject[31524:80b] Cannot find executable for CFBundle 0xa682a10 </Applications/Xcode.app/Contents/Developer/Platforms/iPhoneSimulator.platform/Developer/SDKs/iPhoneSimulator7.0.sdk/System/Library/AccessibilityBundles/CertUIFramework.axbundle> (not loaded)
2014-03-04 18:55:35.265 SeedProject[31524:80b] Cannot find executable for CFBundle 0xa6a58d0 </Applications/Xcode.app/Contents/Developer/Platforms/iPhoneSimulator.platform/Developer/SDKs/iPhoneSimulator7.0.sdk/System/Library/AccessibilityBundles/GeoServices.axbundle> (not loaded)
2014-03-04 18:55:35.330 SeedProject[31524:80b] Multi-tasking -> Device: YES, App: YES
2014-03-04 18:55:35.351 SeedProject[31524:80b] Unlimited access to network resources
2014-03-04 18:55:35.797 SeedProject[31524:80b] Resetting plugins due to page load.
2014-03-04 18:55:36.163 SeedProject[31524:80b] Finished load of: file:///Users/nat/Library/Application%20Support/iPhone%20Simulator/7.0.3/Applications/A92D21C1-5CB8-4FAB-9596-C00134FE5392/SeedProject.app/www/index.html#/tab/pets
objc[32299]: Class AXEmojiUtilities is implemented in both /Applications/Xcode.app/Contents/Developer/Platforms/iPhoneSimulator.platform/Developer/SDKs/iPhoneSimulator7.0.sdk/System/Library/PrivateFrameworks/AccessibilityUtilities.framework/AccessibilityUtilities and /Applications/Xcode.app/Contents/Developer/Platforms/iPhoneSimulator.platform/Developer/SDKs/iPhoneSimulator7.0.sdk/usr/lib/libAXSpeechManager.dylib. One of the two will be used. Which one is undefined.
2014-03-04 19:59:16.805 SeedProject[32299:80b] Cannot find executable for CFBundle 0xa8916c0 </Applications/Xcode.app/Contents/Developer/Platforms/iPhoneSimulator.platform/Developer/SDKs/iPhoneSimulator7.0.sdk/System/Library/AccessibilityBundles/CertUIFramework.axbundle> (not loaded)
2014-03-04 19:59:16.829 SeedProject[32299:80b] Cannot find executable for CFBundle 0xa79bb20 </Applications/Xcode.app/Contents/Developer/Platforms/iPhoneSimulator.platform/Developer/SDKs/iPhoneSimulator7.0.sdk/System/Library/AccessibilityBundles/GeoServices.axbundle> (not loaded)
2014-03-04 19:59:16.856 SeedProject[32299:80b] Multi-tasking -> Device: YES, App: YES
2014-03-04 19:59:16.911 SeedProject[32299:80b] Unlimited access to network resources
2014-03-04 19:59:17.120 SeedProject[32299:80b] Resetting plugins due to page load.
2014-03-04 19:59:17.398 SeedProject[32299:80b] Finished load of: file:///Users/nat/Library/Application%20Support/iPhone%20Simulator/7.0.3/Applications/A92D21C1-5CB8-4FAB-9596-C00134FE5392/SeedProject.app/www/index.html#/tab/pets
objc[32687]: Class AXEmojiUtilities is implemented in both /Applications/Xcode.app/Contents/Developer/Platforms/iPhoneSimulator.platform/Developer/SDKs/iPhoneSimulator7.0.sdk/System/Library/PrivateFrameworks/AccessibilityUtilities.framework/AccessibilityUtilities and /Applications/Xcode.app/Contents/Developer/Platforms/iPhoneSimulator.platform/Developer/SDKs/iPhoneSimulator7.0.sdk/usr/lib/libAXSpeechManager.dylib. One of the two will be used. Which one is undefined.
2014-03-04 20:00:05.009 SeedProject[32687:80b] Cannot find executable for CFBundle 0xa97c260 </Applications/Xcode.app/Contents/Developer/Platforms/iPhoneSimulator.platform/Developer/SDKs/iPhoneSimulator7.0.sdk/System/Library/AccessibilityBundles/CertUIFramework.axbundle> (not loaded)
2014-03-04 20:00:05.040 SeedProject[32687:80b] Cannot find executable for CFBundle 0xaa7e560 </Applications/Xcode.app/Contents/Developer/Platforms/iPhoneSimulator.platform/Developer/SDKs/iPhoneSimulator7.0.sdk/System/Library/AccessibilityBundles/GeoServices.axbundle> (not loaded)
2014-03-04 20:00:05.084 SeedProject[32687:80b] Multi-tasking -> Device: YES, App: YES
2014-03-04 20:00:05.091 SeedProject[32687:80b] Unlimited access to network resources
2014-03-04 20:00:05.293 SeedProject[32687:80b] Resetting plugins due to page load.
2014-03-04 20:00:05.501 SeedProject[32687:80b] Finished load of: file:///Users/nat/Library/Application%20Support/iPhone%20Simulator/7.0.3/Applications/A92D21C1-5CB8-4FAB-9596-C00134FE5392/SeedProject.app/www/index.html#/tab/pets
objc[33873]: Class AXEmojiUtilities is implemented in both /Applications/Xcode.app/Contents/Developer/Platforms/iPhoneSimulator.platform/Developer/SDKs/iPhoneSimulator7.0.sdk/System/Library/PrivateFrameworks/AccessibilityUtilities.framework/AccessibilityUtilities and /Applications/Xcode.app/Contents/Developer/Platforms/iPhoneSimulator.platform/Developer/SDKs/iPhoneSimulator7.0.sdk/usr/lib/libAXSpeechManager.dylib. One of the two will be used. Which one is undefined.
2014-03-04 20:59:12.298 SeedProject[33873:80b] Cannot find executable for CFBundle 0xa7a2190 </Applications/Xcode.app/Contents/Developer/Platforms/iPhoneSimulator.platform/Developer/SDKs/iPhoneSimulator7.0.sdk/System/Library/AccessibilityBundles/GeoServices.axbundle> (not loaded)
2014-03-04 20:59:12.322 SeedProject[33873:80b] Cannot find executable for CFBundle 0xa4786c0 </Applications/Xcode.app/Contents/Developer/Platforms/iPhoneSimulator.platform/Developer/SDKs/iPhoneSimulator7.0.sdk/System/Library/AccessibilityBundles/CertUIFramework.axbundle> (not loaded)
2014-03-04 20:59:12.362 SeedProject[33873:80b] Multi-tasking -> Device: YES, App: YES
2014-03-04 20:59:12.389 SeedProject[33873:80b] Unlimited access to network resources
2014-03-04 20:59:12.731 SeedProject[33873:80b] Resetting plugins due to page load.
2014-03-04 20:59:13.200 SeedProject[33873:80b] Finished load of: file:///Users/nat/Library/Application%20Support/iPhone%20Simulator/7.0.3/Applications/A92D21C1-5CB8-4FAB-9596-C00134FE5392/SeedProject.app/www/index.html#/tab/pets
objc[34513]: Class AXEmojiUtilities is implemented in both /Applications/Xcode.app/Contents/Developer/Platforms/iPhoneSimulator.platform/Developer/SDKs/iPhoneSimulator7.0.sdk/System/Library/PrivateFrameworks/AccessibilityUtilities.framework/AccessibilityUtilities and /Applications/Xcode.app/Contents/Developer/Platforms/iPhoneSimulator.platform/Developer/SDKs/iPhoneSimulator7.0.sdk/usr/lib/libAXSpeechManager.dylib. One of the two will be used. Which one is undefined.
2014-03-04 21:01:13.492 SeedProject[34513:80b] Cannot find executable for CFBundle 0xa886590 </Applications/Xcode.app/Contents/Developer/Platforms/iPhoneSimulator.platform/Developer/SDKs/iPhoneSimulator7.0.sdk/System/Library/AccessibilityBundles/CertUIFramework.axbundle> (not loaded)
2014-03-04 21:01:13.514 SeedProject[34513:80b] Cannot find executable for CFBundle 0xa5e8a40 </Applications/Xcode.app/Contents/Developer/Platforms/iPhoneSimulator.platform/Developer/SDKs/iPhoneSimulator7.0.sdk/System/Library/AccessibilityBundles/GeoServices.axbundle> (not loaded)
2014-03-04 21:01:13.576 SeedProject[34513:80b] Multi-tasking -> Device: YES, App: YES
2014-03-04 21:01:13.585 SeedProject[34513:80b] Unlimited access to network resources
2014-03-04 21:01:13.795 SeedProject[34513:80b] Resetting plugins due to page load.
2014-03-04 21:01:13.964 SeedProject[34513:80b] Finished load of: file:///Users/nat/Library/Application%20Support/iPhone%20Simulator/7.0.3/Applications/A92D21C1-5CB8-4FAB-9596-C00134FE5392/SeedProject.app/www/index.html#/tab/pets
objc[34910]: Class AXEmojiUtilities is implemented in both /Applications/Xcode.app/Contents/Developer/Platforms/iPhoneSimulator.platform/Developer/SDKs/iPhoneSimulator7.0.sdk/System/Library/PrivateFrameworks/AccessibilityUtilities.framework/AccessibilityUtilities and /Applications/Xcode.app/Contents/Developer/Platforms/iPhoneSimulator.platform/Developer/SDKs/iPhoneSimulator7.0.sdk/usr/lib/libAXSpeechManager.dylib. One of the two will be used. Which one is undefined.
2014-03-04 21:03:10.912 SeedProject[34910:80b] Cannot find executable for CFBundle 0xab1d980 </Applications/Xcode.app/Contents/Developer/Platforms/iPhoneSimulator.platform/Developer/SDKs/iPhoneSimulator7.0.sdk/System/Library/AccessibilityBundles/CertUIFramework.axbundle> (not loaded)
2014-03-04 21:03:10.936 SeedProject[34910:80b] Cannot find executable for CFBundle 0xab34ea0 </Applications/Xcode.app/Contents/Developer/Platforms/iPhoneSimulator.platform/Developer/SDKs/iPhoneSimulator7.0.sdk/System/Library/AccessibilityBundles/GeoServices.axbundle> (not loaded)
2014-03-04 21:03:10.990 SeedProject[34910:80b] Multi-tasking -> Device: YES, App: YES
2014-03-04 21:03:10.996 SeedProject[34910:80b] Unlimited access to network resources
2014-03-04 21:03:11.194 SeedProject[34910:80b] Resetting plugins due to page load.
2014-03-04 21:03:11.358 SeedProject[34910:80b] Finished load of: file:///Users/nat/Library/Application%20Support/iPhone%20Simulator/7.0.3/Applications/A92D21C1-5CB8-4FAB-9596-C00134FE5392/SeedProject.app/www/index.html#/tab/pets
objc[35262]: Class AXEmojiUtilities is implemented in both /Applications/Xcode.app/Contents/Developer/Platforms/iPhoneSimulator.platform/Developer/SDKs/iPhoneSimulator7.0.sdk/System/Library/PrivateFrameworks/AccessibilityUtilities.framework/AccessibilityUtilities and /Applications/Xcode.app/Contents/Developer/Platforms/iPhoneSimulator.platform/Developer/SDKs/iPhoneSimulator7.0.sdk/usr/lib/libAXSpeechManager.dylib. One of the two will be used. Which one is undefined.
2014-03-04 21:04:19.249 SeedProject[35262:80b] Cannot find executable for CFBundle 0xa46b700 </Applications/Xcode.app/Contents/Developer/Platforms/iPhoneSimulator.platform/Developer/SDKs/iPhoneSimulator7.0.sdk/System/Library/AccessibilityBundles/GeoServices.axbundle> (not loaded)
2014-03-04 21:04:19.281 SeedProject[35262:80b] Cannot find executable for CFBundle 0xa584170 </Applications/Xcode.app/Contents/Developer/Platforms/iPhoneSimulator.platform/Developer/SDKs/iPhoneSimulator7.0.sdk/System/Library/AccessibilityBundles/CertUIFramework.axbundle> (not loaded)
2014-03-04 21:04:19.321 SeedProject[35262:80b] Multi-tasking -> Device: YES, App: YES
2014-03-04 21:04:19.330 SeedProject[35262:80b] Unlimited access to network resources
2014-03-04 21:04:19.566 SeedProject[35262:80b] Resetting plugins due to page load.
2014-03-04 21:04:19.749 SeedProject[35262:80b] Finished load of: file:///Users/nat/Library/Application%20Support/iPhone%20Simulator/7.0.3/Applications/A92D21C1-5CB8-4FAB-9596-C00134FE5392/SeedProject.app/www/index.html#/tab/pets
objc[35614]: Class AXEmojiUtilities is implemented in both /Applications/Xcode.app/Contents/Developer/Platforms/iPhoneSimulator.platform/Developer/SDKs/iPhoneSimulator7.0.sdk/System/Library/PrivateFrameworks/AccessibilityUtilities.framework/AccessibilityUtilities and /Applications/Xcode.app/Contents/Developer/Platforms/iPhoneSimulator.platform/Developer/SDKs/iPhoneSimulator7.0.sdk/usr/lib/libAXSpeechManager.dylib. One of the two will be used. Which one is undefined.
2014-03-04 21:05:33.254 SeedProject[35614:80b] Cannot find executable for CFBundle 0xa5bae70 </Applications/Xcode.app/Contents/Developer/Platforms/iPhoneSimulator.platform/Developer/SDKs/iPhoneSimulator7.0.sdk/System/Library/AccessibilityBundles/GeoServices.axbundle> (not loaded)
2014-03-04 21:05:33.270 SeedProject[35614:80b] Cannot find executable for CFBundle 0xa5f2480 </Applications/Xcode.app/Contents/Developer/Platforms/iPhoneSimulator.platform/Developer/SDKs/iPhoneSimulator7.0.sdk/System/Library/AccessibilityBundles/CertUIFramework.axbundle> (not loaded)
2014-03-04 21:05:33.349 SeedProject[35614:80b] Multi-tasking -> Device: YES, App: YES
2014-03-04 21:05:33.359 SeedProject[35614:80b] Unlimited access to network resources
2014-03-04 21:05:33.535 SeedProject[35614:80b] Resetting plugins due to page load.
2014-03-04 21:05:33.690 SeedProject[35614:80b] Finished load of: file:///Users/nat/Library/Application%20Support/iPhone%20Simulator/7.0.3/Applications/A92D21C1-5CB8-4FAB-9596-C00134FE5392/SeedProject.app/www/index.html#/tab/pets
objc[35990]: Class AXEmojiUtilities is implemented in both /Applications/Xcode.app/Contents/Developer/Platforms/iPhoneSimulator.platform/Developer/SDKs/iPhoneSimulator7.0.sdk/System/Library/PrivateFrameworks/AccessibilityUtilities.framework/AccessibilityUtilities and /Applications/Xcode.app/Contents/Developer/Platforms/iPhoneSimulator.platform/Developer/SDKs/iPhoneSimulator7.0.sdk/usr/lib/libAXSpeechManager.dylib. One of the two will be used. Which one is undefined.
2014-03-04 21:08:02.991 SeedProject[35990:80b] Cannot find executable for CFBundle 0xa4882e0 </Applications/Xcode.app/Contents/Developer/Platforms/iPhoneSimulator.platform/Developer/SDKs/iPhoneSimulator7.0.sdk/System/Library/AccessibilityBundles/GeoServices.axbundle> (not loaded)
2014-03-04 21:08:03.005 SeedProject[35990:80b] Cannot find executable for CFBundle 0xaaaea70 </Applications/Xcode.app/Contents/Developer/Platforms/iPhoneSimulator.platform/Developer/SDKs/iPhoneSimulator7.0.sdk/System/Library/AccessibilityBundles/CertUIFramework.axbundle> (not loaded)
2014-03-04 21:08:03.076 SeedProject[35990:80b] Multi-tasking -> Device: YES, App: YES
2014-03-04 21:08:03.092 SeedProject[35990:80b] Unlimited access to network resources
2014-03-04 21:08:03.282 SeedProject[35990:80b] Resetting plugins due to page load.
2014-03-04 21:08:03.491 SeedProject[35990:80b] Finished load of: file:///Users/nat/Library/Application%20Support/iPhone%20Simulator/7.0.3/Applications/A92D21C1-5CB8-4FAB-9596-C00134FE5392/SeedProject.app/www/index.html#/tab/pets
objc[36342]: Class AXEmojiUtilities is implemented in both /Applications/Xcode.app/Contents/Developer/Platforms/iPhoneSimulator.platform/Developer/SDKs/iPhoneSimulator7.0.sdk/System/Library/PrivateFrameworks/AccessibilityUtilities.framework/AccessibilityUtilities and /Applications/Xcode.app/Contents/Developer/Platforms/iPhoneSimulator.platform/Developer/SDKs/iPhoneSimulator7.0.sdk/usr/lib/libAXSpeechManager.dylib. One of the two will be used. Which one is undefined.
2014-03-04 21:09:03.461 SeedProject[36342:80b] Cannot find executable for CFBundle 0xa624980 </Applications/Xcode.app/Contents/Developer/Platforms/iPhoneSimulator.platform/Developer/SDKs/iPhoneSimulator7.0.sdk/System/Library/AccessibilityBundles/GeoServices.axbundle> (not loaded)
2014-03-04 21:09:03.481 SeedProject[36342:80b] Cannot find executable for CFBundle 0xa96e2c0 </Applications/Xcode.app/Contents/Developer/Platforms/iPhoneSimulator.platform/Developer/SDKs/iPhoneSimulator7.0.sdk/System/Library/AccessibilityBundles/CertUIFramework.axbundle> (not loaded)
2014-03-04 21:09:03.515 SeedProject[36342:80b] Multi-tasking -> Device: YES, App: YES
2014-03-04 21:09:03.525 SeedProject[36342:80b] Unlimited access to network resources
2014-03-04 21:09:03.750 SeedProject[36342:80b] Resetting plugins due to page load.
2014-03-04 21:09:03.951 SeedProject[36342:80b] Finished load of: file:///Users/nat/Library/Application%20Support/iPhone%20Simulator/7.0.3/Applications/A92D21C1-5CB8-4FAB-9596-C00134FE5392/SeedProject.app/www/index.html#/tab/pets
